# JRE version: Java(TM) SE Runtime Environment (8.0_131-b11) (build 1.8.0_131-b11)
# Java VM: Java HotSpot(TM) 64-Bit Server VM (25.131-b11 mixed mode linux-amd64 compressed oops)
Heap:
 PSYoungGen      total 1992704K, used 266209K [0x0000000715580000, 0x0000000792800000, 0x00000007c0000000)
  eden space 1981952K, 13% used [0x0000000715580000,0x00000007259785f8,0x000000078e500000)
  from space 10752K, 0% used [0x000000078e500000,0x000000078e500000,0x000000078ef80000)
  to   space 34304K, 0% used [0x0000000790680000,0x0000000790680000,0x0000000792800000)
 ParOldGen       total 1381376K, used 413480K [0x00000005c0000000, 0x0000000614500000, 0x0000000715580000)
  object space 1381376K, 29% used [0x00000005c0000000,0x00000005d93ca3d0,0x0000000614500000)
 Metaspace       used 182749K, capacity 189810K, committed 190504K, reserved 1212416K
  class space    used 23986K, capacity 26185K, committed 26664K, reserved 1048576K
GC Heap History (10 events):
Event: 21386.430 GC heap before
{Heap before GC invocations=712 (full 351):
 PSYoungGen      total 2002432K, used 13062K [0x0000000715580000, 0x0000000792f00000, 0x00000007c0000000)
  eden space 1962496K, 0% used [0x0000000715580000,0x0000000715580000,0x000000078d200000)
  from space 39936K, 32% used [0x000000078d200000,0x000000078dec1a10,0x000000078f900000)
  to   space 37888K, 0% used [0x0000000790a00000,0x0000000790a00000,0x0000000792f00000)
 ParOldGen       total 1381376K, used 403555K [0x00000005c0000000, 0x0000000614500000, 0x0000000715580000)
  object space 1381376K, 29% used [0x00000005c0000000,0x00000005d8a18ff8,0x0000000614500000)
 Metaspace       used 181639K, capacity 188566K, committed 189736K, reserved 1212416K
  class space    used 23698K, capacity 25874K, committed 26664K, reserved 1048576K
Event: 21387.011 GC heap after
Heap after GC invocations=712 (full 351):
 PSYoungGen      total 2002432K, used 0K [0x0000000715580000, 0x0000000792f00000, 0x00000007c0000000)
  eden space 1962496K, 0% used [0x0000000715580000,0x0000000715580000,0x000000078d200000)
  from space 39936K, 0% used [0x000000078d200000,0x000000078d200000,0x000000078f900000)
  to   space 37888K, 0% used [0x0000000790a00000,0x0000000790a00000,0x0000000792f00000)
 ParOldGen       total 1381376K, used 408810K [0x00000005c0000000, 0x0000000614500000, 0x0000000715580000)
  object space 1381376K, 29% used [0x00000005c0000000,0x00000005d8f3aa50,0x0000000614500000)
 Metaspace       used 181639K, capacity 188566K, committed 189736K, reserved 1212416K
  class space    used 23698K, capacity 25874K, committed 26664K, reserved 1048576K
}
Event: 21446.421 GC heap before
{Heap before GC invocations=713 (full 351):
 PSYoungGen      total 2002432K, used 119368K [0x0000000715580000, 0x0000000792f00000, 0x00000007c0000000)
  eden space 1962496K, 6% used [0x0000000715580000,0x000000071ca120a0,0x000000078d200000)
  from space 39936K, 0% used [0x000000078d200000,0x000000078d200000,0x000000078f900000)
  to   space 37888K, 0% used [0x0000000790a00000,0x0000000790a00000,0x0000000792f00000)
 ParOldGen       total 1381376K, used 408810K [0x00000005c0000000, 0x0000000614500000, 0x0000000715580000)
  object space 1381376K, 29% used [0x00000005c0000000,0x00000005d8f3aa50,0x0000000614500000)
 Metaspace       used 181670K, capacity 188630K, committed 189736K, reserved 1212416K
  class space    used 23698K, capacity 25874K, committed 26664K, reserved 1048576K
Event: 21446.425 GC heap after
Heap after GC invocations=713 (full 351):
 PSYoungGen      total 2017792K, used 1216K [0x0000000715580000, 0x0000000792d00000, 0x00000007c0000000)
  eden space 1981952K, 0% used [0x0000000715580000,0x0000000715580000,0x000000078e500000)
  from space 35840K, 3% used [0x0000000790a00000,0x0000000790b30000,0x0000000792d00000)
  to   space 36864K, 0% used [0x000000078e500000,0x000000078e500000,0x0000000790900000)
 ParOldGen       total 1381376K, used 408810K [0x00000005c0000000, 0x0000000614500000, 0x0000000715580000)
  object space 1381376K, 29% used [0x00000005c0000000,0x00000005d8f3aa50,0x0000000614500000)
 Metaspace       used 181670K, capacity 188630K, committed 189736K, reserved 1212416K
  class space    used 23698K, capacity 25874K, committed 26664K, reserved 1048576K
}
Event: 21446.425 GC heap before
{Heap before GC invocations=714 (full 352):
 PSYoungGen      total 2017792K, used 1216K [0x0000000715580000, 0x0000000792d00000, 0x00000007c0000000)
  eden space 1981952K, 0% used [0x0000000715580000,0x0000000715580000,0x000000078e500000)
  from space 35840K, 3% used [0x0000000790a00000,0x0000000790b30000,0x0000000792d00000)
  to   space 36864K, 0% used [0x000000078e500000,0x000000078e500000,0x0000000790900000)
 ParOldGen       total 1381376K, used 408810K [0x00000005c0000000, 0x0000000614500000, 0x0000000715580000)
  object space 1381376K, 29% used [0x00000005c0000000,0x00000005d8f3aa50,0x0000000614500000)
 Metaspace       used 181670K, capacity 188630K, committed 189736K, reserved 1212416K
  class space    used 23698K, capacity 25874K, committed 26664K, reserved 1048576K
Event: 21446.932 GC heap after
Heap after GC invocations=714 (full 352):
 PSYoungGen      total 2017792K, used 0K [0x0000000715580000, 0x0000000792d00000, 0x00000007c0000000)
  eden space 1981952K, 0% used [0x0000000715580000,0x0000000715580000,0x000000078e500000)
  from space 35840K, 0% used [0x0000000790a00000,0x0000000790a00000,0x0000000792d00000)
  to   space 36864K, 0% used [0x000000078e500000,0x000000078e500000,0x0000000790900000)
 ParOldGen       total 1381376K, used 407508K [0x00000005c0000000, 0x0000000614500000, 0x0000000715580000)
  object space 1381376K, 29% used [0x00000005c0000000,0x00000005d8df50c8,0x0000000614500000)
 Metaspace       used 181670K, capacity 188630K, committed 189736K, reserved 1212416K
  class space    used 23698K, capacity 25874K, committed 26664K, reserved 1048576K
}
Event: 21509.146 GC heap before
{Heap before GC invocations=715 (full 352):
 PSYoungGen      total 2017792K, used 422922K [0x0000000715580000, 0x0000000792d00000, 0x00000007c0000000)
  eden space 1981952K, 21% used [0x0000000715580000,0x000000072f282ac8,0x000000078e500000)
  from space 35840K, 0% used [0x0000000790a00000,0x0000000790a00000,0x0000000792d00000)
  to   space 36864K, 0% used [0x000000078e500000,0x000000078e500000,0x0000000790900000)
 ParOldGen       total 1381376K, used 407508K [0x00000005c0000000, 0x0000000614500000, 0x0000000715580000)
  object space 1381376K, 29% used [0x00000005c0000000,0x00000005d8df50c8,0x0000000614500000)
 Metaspace       used 182372K, capacity 189404K, committed 190248K, reserved 1212416K
  class space    used 23863K, capacity 26042K, committed 26664K, reserved 1048576K
Event: 21509.168 GC heap after
Heap after GC invocations=715 (full 352):
 PSYoungGen      total 1992704K, used 10515K [0x0000000715580000, 0x0000000792800000, 0x00000007c0000000)
  eden space 1981952K, 0% used [0x0000000715580000,0x0000000715580000,0x000000078e500000)
  from space 10752K, 97% used [0x000000078e500000,0x000000078ef44c10,0x000000078ef80000)
  to   space 34304K, 0% used [0x0000000790680000,0x0000000790680000,0x0000000792800000)
 ParOldGen       total 1381376K, used 407516K [0x00000005c0000000, 0x0000000614500000, 0x0000000715580000)
  object space 1381376K, 29% used [0x00000005c0000000,0x00000005d8df70c8,0x0000000614500000)
 Metaspace       used 182372K, capacity 189404K, committed 190248K, reserved 1212416K
  class space    used 23863K, capacity 26042K, committed 26664K, reserved 1048576K
}
Event: 21509.168 GC heap before
{Heap before GC invocations=716 (full 353):
 PSYoungGen      total 1992704K, used 10515K [0x0000000715580000, 0x0000000792800000, 0x00000007c0000000)
  eden space 1981952K, 0% used [0x0000000715580000,0x0000000715580000,0x000000078e500000)
  from space 10752K, 97% used [0x000000078e500000,0x000000078ef44c10,0x000000078ef80000)
  to   space 34304K, 0% used [0x0000000790680000,0x0000000790680000,0x0000000792800000)
 ParOldGen       total 1381376K, used 407516K [0x00000005c0000000, 0x0000000614500000, 0x0000000715580000)
  object space 1381376K, 29% used [0x00000005c0000000,0x00000005d8df70c8,0x0000000614500000)
 Metaspace       used 182372K, capacity 189404K, committed 190248K, reserved 1212416K
  class space    used 23863K, capacity 26042K, committed 26664K, reserved 1048576K
Event: 21510.018 GC heap after
Heap after GC invocations=716 (full 353):
 PSYoungGen      total 1992704K, used 0K [0x0000000715580000, 0x0000000792800000, 0x00000007c0000000)
  eden space 1981952K, 0% used [0x0000000715580000,0x0000000715580000,0x000000078e500000)
  from space 10752K, 0% used [0x000000078e500000,0x000000078e500000,0x000000078ef80000)
  to   space 34304K, 0% used [0x0000000790680000,0x0000000790680000,0x0000000792800000)
 ParOldGen       total 1381376K, used 413480K [0x00000005c0000000, 0x0000000614500000, 0x0000000715580000)
  object space 1381376K, 29% used [0x00000005c0000000,0x00000005d93ca3d0,0x0000000614500000)
 Metaspace       used 182370K, capacity 189398K, committed 190248K, reserved 1212416K
  class space    used 23862K, capacity 26040K, committed 26664K, reserved 1048576K
}

